<?xml version="1.0" encoding="UTF-8"?>
<testsuite name="RMFnMapChangerTests" tests="4" skipped="0" failures="0" errors="0" timestamp="2016-07-16T10:59:16" hostname="n2t" time="0.002">
  <properties/>
  <testcase name="allShouldBeRemoved" classname="RMFnMapChangerTests" time="0.0"/>
  <testcase name="fnDataShouldBeRemoved" classname="RMFnMapChangerTests" time="0.0"/>
  <testcase name="shouldBeUntouched" classname="RMFnMapChangerTests" time="0.0"/>
  <testcase name="shouldNotHaveTheVersionSpecifiedAndDifferentReturnTypeAndNoStatic" classname="RMFnMapChangerTests" time="0.0"/>
  <system-out><![CDATA[]]></system-out>
  <system-err><![CDATA[]]></system-err>
</testsuite>
